<?xml version="1.0" encoding="UTF-8"?>
<testsuite xmlns:xsi="http://www.w3.org/2001/XMLSchema-instance" xsi:noNamespaceSchemaLocation="https://maven.apache.org/surefire/maven-surefire-plugin/xsd/surefire-test-report-3.0.xsd" version="3.0" name="br.com.ifba.usuario.validar.ValidadorUsuarioTest" time="0.111" tests="20" errors="0" skipped="0" failures="0">
  <properties>
[...]
</properties>
  <testcase name="camposPreenchidos_caminhoFeliz_todosOsCamposPreenchidos" classname="br.com.ifba.usuario.validar.ValidadorUsuarioTest" time="0.005"/>
  <testcase name="camposPreenchidos_deveFalhar_quandoUmCampoEstaVazio" classname="br.com.ifba.usuario.validar.ValidadorUsuarioTest" time="0.002"/>
  <testcase name="cpfValido_deveFalhar_paraCpfVazio" classname="br.com.ifba.usuario.validar.ValidadorUsuarioTest" time="0.003"/>
  <testcase name="cpfValido_caminhoFeliz_onzeDigitosNumericos" classname="br.com.ifba.usuario.validar.ValidadorUsuarioTest" time="0.005"/>
  <testcase name="cpfValido_deveFalhar_paraCpfComMenosDeOnzeDigitos" classname="br.com.ifba.usuario.validar.ValidadorUsuarioTest" time="0.001"/>
  <testcase name="camposPreenchidos_deveFalhar_quandoUmCampoENulo" classname="br.com.ifba.usuario.validar.ValidadorUsuarioTest" time="0.001"/>
  <testcase name="senhasConferem_deveFalhar_quandoSenhasDiferentes" classname="br.com.ifba.usuario.validar.ValidadorUsuarioTest" time="0.003"/>
  <testcase name="senhaForte_deveFalhar_paraSenhaSoComLetras" classname="br.com.ifba.usuario.validar.ValidadorUsuarioTest" time="0.001"/>
  <testcase name="cpfValido_deveFalhar_paraCpfComLetras" classname="br.com.ifba.usuario.validar.ValidadorUsuarioTest" time="0.004"/>
  <testcase name="camposPreenchidos_deveFalhar_quandoCampoTemApenasEspacos" classname="br.com.ifba.usuario.validar.ValidadorUsuarioTest" time="0.004"/>
  <testcase name="cpfValido_deveFalhar_paraCpfComTodosOsDigitosIguais" classname="br.com.ifba.usuario.validar.ValidadorUsuarioTest" time="0.005"/>
  <testcase name="senhaForte_deveFalhar_paraSenhaComMenosCaracteresQueOMinimo" classname="br.com.ifba.usuario.validar.ValidadorUsuarioTest" time="0.001"/>
  <testcase name="cpfValido_caminhoFeliz_cpfFormatadoComPontosEHifen" classname="br.com.ifba.usuario.validar.ValidadorUsuarioTest" time="0.001"/>
  <testcase name="contemPalavraProibida_deveAceitarLoginPermitido" classname="br.com.ifba.usuario.validar.ValidadorUsuarioTest" time="0.002"/>
  <testcase name="contemPalavraProibida_deveDetectarPalavraProibidaNoLogin" classname="br.com.ifba.usuario.validar.ValidadorUsuarioTest" time="0.005"/>
  <testcase name="senhaForte_deveFalhar_paraSenhaNula" classname="br.com.ifba.usuario.validar.ValidadorUsuarioTest" time="0.005"/>
  <testcase name="cpfValido_deveFalhar_paraCpfNulo" classname="br.com.ifba.usuario.validar.ValidadorUsuarioTest" time="0.006"/>
  <testcase name="senhaForte_deveFalhar_paraSenhaSoComNumeros" classname="br.com.ifba.usuario.validar.ValidadorUsuarioTest" time="0.001"/>
  <testcase name="senhaForte_caminhoFeliz_senhaComLetrasENumerosNoTamanhoMinimo" classname="br.com.ifba.usuario.validar.ValidadorUsuarioTest" time="0.001"/>
  <testcase name="senhasConferem_caminhoFeliz_senhasIguais" classname="br.com.ifba.usuario.validar.ValidadorUsuarioTest" time="0.003"/>
</testsuite>